  CCore.cpp
D:\DirectX_Gti\DX_Lib\helpme\helper.h(9,10): warning C4067: 전처리기 지시문 다음에 예기치 않은 토큰이 있습니다. 줄 바꿈 문자가 필요합니다.
D:\DirectX_Gti\DX_Lib\DX_Lib_Maple\D3DTexture.h(45,21): warning C4267: 'return': 'size_t'에서 'UINT'(으)로 변환하면서 데이터가 손실될 수 있습니다.
D:\DirectX_Gti\DX_Lib\helpme\Types.h(71,9): warning C4244: '=': 'const LONG'에서 'float'(으)로 변환하면서 데이터가 손실될 수 있습니다.
D:\DirectX_Gti\DX_Lib\helpme\Types.h(72,9): warning C4244: '=': 'const LONG'에서 'float'(으)로 변환하면서 데이터가 손실될 수 있습니다.
D:\DirectX_Gti\DX_Lib\helpme\Types.h(81,9): warning C4244: '=': 'const LONG'에서 'float'(으)로 변환하면서 데이터가 손실될 수 있습니다.
D:\DirectX_Gti\DX_Lib\helpme\Types.h(82,9): warning C4244: '=': 'const LONG'에서 'float'(으)로 변환하면서 데이터가 손실될 수 있습니다.
D:\DirectX_Gti\DX_Lib\helpme\Obj.h(101,27): warning C4244: '인수': 'float'에서 'int'(으)로 변환하면서 데이터가 손실될 수 있습니다.
D:\DirectX_Gti\DX_Lib\helpme\Obj.h(101,20): warning C4244: '인수': 'float'에서 'int'(으)로 변환하면서 데이터가 손실될 수 있습니다.
D:\DirectX_Gti\DX_Lib\helpme\MoveObj.h(31,14): warning C4244: '초기화 중': 'float'에서 'int'(으)로 변환하면서 데이터가 손실될 수 있습니다.
D:\DirectX_Gti\DX_Lib\helpme\MoveObj.h(43,1): warning C4305: 'return': 'double'에서 'float'(으)로 잘립니다.
D:\DirectX_Gti\DX_Lib\helpme\CCore.cpp(69,46): warning C4244: '인수': 'const float'에서 'int'(으)로 변환하면서 데이터가 손실될 수 있습니다.
D:\DirectX_Gti\DX_Lib\helpme\CCore.cpp(69,28): warning C4244: '인수': 'const float'에서 'int'(으)로 변환하면서 데이터가 손실될 수 있습니다.
D:\DirectX_Gti\DX_Lib\helpme\CCore.cpp(432,19): warning C4838: 'UINT'에서 'LONG'(으)로의 변환에는 축소 변환이 필요합니다.
D:\DirectX_Gti\DX_Lib\helpme\CCore.cpp(432,31): warning C4838: 'UINT'에서 'LONG'(으)로의 변환에는 축소 변환이 필요합니다.
  Input.cpp
D:\DirectX_Gti\DX_Lib\helpme\helper.h(9,10): warning C4067: 전처리기 지시문 다음에 예기치 않은 토큰이 있습니다. 줄 바꿈 문자가 필요합니다.
D:\DirectX_Gti\DX_Lib\DX_Lib_Maple\D3DTexture.h(45,21): warning C4267: 'return': 'size_t'에서 'UINT'(으)로 변환하면서 데이터가 손실될 수 있습니다.
D:\DirectX_Gti\DX_Lib\helpme\Types.h(71,9): warning C4244: '=': 'const LONG'에서 'float'(으)로 변환하면서 데이터가 손실될 수 있습니다.
D:\DirectX_Gti\DX_Lib\helpme\Types.h(72,9): warning C4244: '=': 'const LONG'에서 'float'(으)로 변환하면서 데이터가 손실될 수 있습니다.
D:\DirectX_Gti\DX_Lib\helpme\Types.h(81,9): warning C4244: '=': 'const LONG'에서 'float'(으)로 변환하면서 데이터가 손실될 수 있습니다.
D:\DirectX_Gti\DX_Lib\helpme\Types.h(82,9): warning C4244: '=': 'const LONG'에서 'float'(으)로 변환하면서 데이터가 손실될 수 있습니다.
D:\DirectX_Gti\DX_Lib\helpme\Obj.h(101,27): warning C4244: '인수': 'float'에서 'int'(으)로 변환하면서 데이터가 손실될 수 있습니다.
D:\DirectX_Gti\DX_Lib\helpme\Obj.h(101,20): warning C4244: '인수': 'float'에서 'int'(으)로 변환하면서 데이터가 손실될 수 있습니다.
  Mouse.cpp
D:\DirectX_Gti\DX_Lib\helpme\helper.h(9,10): warning C4067: 전처리기 지시문 다음에 예기치 않은 토큰이 있습니다. 줄 바꿈 문자가 필요합니다.
D:\DirectX_Gti\DX_Lib\DX_Lib_Maple\D3DTexture.h(45,21): warning C4267: 'return': 'size_t'에서 'UINT'(으)로 변환하면서 데이터가 손실될 수 있습니다.
D:\DirectX_Gti\DX_Lib\helpme\Types.h(71,9): warning C4244: '=': 'const LONG'에서 'float'(으)로 변환하면서 데이터가 손실될 수 있습니다.
D:\DirectX_Gti\DX_Lib\helpme\Types.h(72,9): warning C4244: '=': 'const LONG'에서 'float'(으)로 변환하면서 데이터가 손실될 수 있습니다.
D:\DirectX_Gti\DX_Lib\helpme\Types.h(81,9): warning C4244: '=': 'const LONG'에서 'float'(으)로 변환하면서 데이터가 손실될 수 있습니다.
D:\DirectX_Gti\DX_Lib\helpme\Types.h(82,9): warning C4244: '=': 'const LONG'에서 'float'(으)로 변환하면서 데이터가 손실될 수 있습니다.
D:\DirectX_Gti\DX_Lib\helpme\Obj.h(101,27): warning C4244: '인수': 'float'에서 'int'(으)로 변환하면서 데이터가 손실될 수 있습니다.
D:\DirectX_Gti\DX_Lib\helpme\Obj.h(101,20): warning C4244: '인수': 'float'에서 'int'(으)로 변환하면서 데이터가 손실될 수 있습니다.
  코드를 생성하고 있습니다...
D:\DirectX_Gti\DX_Lib\helpme\Obj.h(246): warning C4715: 'CObj::GetCollisionRect': 모든 제어 경로에서 값을 반환하지는 않습니다.
D:\DirectX_Gti\DX_Lib\helpme\Obj.h(195): warning C4715: '`CObj::FindHitList'::`2'::<lambda_1>::operator()<std::pair<CObj *,enum ECOLLISION_STATE> >': 모든 제어 경로에서 값을 반환하지는 않습니다.
C:\Program Files (x86)\Microsoft Visual Studio\2019\Community\MSBuild\Microsoft\VC\v160\Microsoft.CppBuild.targets(452,5): warning MSB8004: Intermediate 디렉터리가 슬래시로 끝나지 않습니다. Intermediate 디렉터리의 적절한 평가를 허용하는 데 필요하므로 이 빌드 인스턴스에서 슬래시를 추가합니다.
  helpme.vcxproj -> D:\DirectX_Gti\DX_Lib\x64\Debug\helpme.exe
