d:\directx_gti\dx_lib\dx_lib\log\dx_lib.pdb
d:\directx_gti\dx_lib\dx_lib\log\dx_lib.idb
d:\directx_gti\dx_lib\dx_lib\log\uworld.obj
d:\directx_gti\dx_lib\dx_lib\log\uwindow.obj
d:\directx_gti\dx_lib\dx_lib\log\utimer.obj
d:\directx_gti\dx_lib\dx_lib\log\usound.obj
d:\directx_gti\dx_lib\dx_lib\log\uobject.obj
d:\directx_gti\dx_lib\dx_lib\log\umeshdata.obj
d:\directx_gti\dx_lib\dx_lib\log\uinput.obj
d:\directx_gti\dx_lib\dx_lib\log\fmath.obj
d:\directx_gti\dx_lib\dx_lib\log\udevice.obj
d:\directx_gti\dx_lib\dx_lib\log\ucore.obj
d:\directx_gti\dx_lib\dx_lib\log\ucollision.obj
d:\directx_gti\dx_lib\dx_lib\log\callbackinterface.obj
d:\directx_gti\dx_lib\dx_lib\log\aactor.obj
d:\directx_gti\dx_lib\dx_lib\log\umesh.obj
d:\directx_gti\dx_lib\dx_lib\log\uanimationmesh.obj
d:\directx_gti\dx_lib\dx_lib\log\fvector.obj
d:\directx_gti\dx_lib\dx_lib\log\ucamera.obj
d:\directx_gti\dx_lib\dx_lib\ps.shh
d:\directx_gti\dx_lib\dx_lib\output\ps.cso
d:\directx_gti\dx_lib\dx_lib\vs.shh
d:\directx_gti\dx_lib\dx_lib\output\vs.cso
d:\directx_gti\dx_lib\dx_lib\output\dx_lib.lib
d:\directx_gti\dx_lib\dx_lib\log\umesh.obj.enc
d:\directx_gti\dx_lib\dx_lib\log\dx_lib.tlog\cl.command.1.tlog
d:\directx_gti\dx_lib\dx_lib\log\dx_lib.tlog\cl.read.1.tlog
d:\directx_gti\dx_lib\dx_lib\log\dx_lib.tlog\cl.write.1.tlog
d:\directx_gti\dx_lib\dx_lib\log\dx_lib.tlog\fxc.command.1.tlog
d:\directx_gti\dx_lib\dx_lib\log\dx_lib.tlog\fxc.read.1.tlog
d:\directx_gti\dx_lib\dx_lib\log\dx_lib.tlog\fxc.write.1.tlog
d:\directx_gti\dx_lib\dx_lib\log\dx_lib.tlog\lib-link.read.1.tlog
d:\directx_gti\dx_lib\dx_lib\log\dx_lib.tlog\lib-link.write.1.tlog
d:\directx_gti\dx_lib\dx_lib\log\dx_lib.tlog\lib.command.1.tlog
