d:\directx_gti\dx_lib\dx_lib_maple\x64\debug\vc142.pdb
d:\directx_gti\dx_lib\dx_lib_maple\x64\debug\vc142.idb
d:\directx_gti\dx_lib\dx_lib_maple\x64\debug\writer.obj
d:\directx_gti\dx_lib\dx_lib_maple\x64\debug\texture.obj
d:\directx_gti\dx_lib\dx_lib_maple\x64\debug\soundeffect.obj
d:\directx_gti\dx_lib\dx_lib_maple\x64\debug\mesh.obj
d:\directx_gti\dx_lib\dx_lib_maple\x64\debug\mainwindow.obj
d:\directx_gti\dx_lib\dx_lib_maple\x64\debug\input.obj
d:\directx_gti\dx_lib\dx_lib_maple\x64\debug\graphics.obj
d:\directx_gti\dx_lib\x64\debug\dx_lib_maple.pdb
d:\directx_gti\dx_lib\dx_lib_maple\x64\debug\dx_lib_maple.tlog\cl.command.1.tlog
d:\directx_gti\dx_lib\dx_lib_maple\x64\debug\dx_lib_maple.tlog\cl.read.1.tlog
d:\directx_gti\dx_lib\dx_lib_maple\x64\debug\dx_lib_maple.tlog\cl.write.1.tlog
d:\directx_gti\dx_lib\dx_lib_maple\x64\debug\dx_lib_maple.tlog\link-cvtres.read.1.tlog
d:\directx_gti\dx_lib\dx_lib_maple\x64\debug\dx_lib_maple.tlog\link-cvtres.write.1.tlog
d:\directx_gti\dx_lib\dx_lib_maple\x64\debug\dx_lib_maple.tlog\link-rc.read.1.tlog
d:\directx_gti\dx_lib\dx_lib_maple\x64\debug\dx_lib_maple.tlog\link-rc.write.1.tlog
d:\directx_gti\dx_lib\dx_lib_maple\x64\debug\dx_lib_maple.tlog\link.command.1.tlog
d:\directx_gti\dx_lib\dx_lib_maple\x64\debug\dx_lib_maple.tlog\link.read.1.tlog
d:\directx_gti\dx_lib\dx_lib_maple\x64\debug\dx_lib_maple.tlog\link.write.1.tlog
